running develop
running egg_info
creating lab05_pkg.egg-info
writing lab05_pkg.egg-info/PKG-INFO
writing dependency_links to lab05_pkg.egg-info/dependency_links.txt
writing entry points to lab05_pkg.egg-info/entry_points.txt
writing requirements to lab05_pkg.egg-info/requires.txt
writing top-level names to lab05_pkg.egg-info/top_level.txt
writing manifest file 'lab05_pkg.egg-info/SOURCES.txt'
reading manifest file 'lab05_pkg.egg-info/SOURCES.txt'
writing manifest file 'lab05_pkg.egg-info/SOURCES.txt'
running build_ext
Creating /workspaces/vscode_ros2_workspace/src/lab05/install/lab05_pkg/lib/python3.10/site-packages/lab05-pkg.egg-link (link to .)
Installing recorder script to /workspaces/vscode_ros2_workspace/src/lab05/install/lab05_pkg/lib/lab05_pkg

Installed /workspaces/vscode_ros2_workspace/src/lab05/build/lab05_pkg
running install_data
creating /workspaces/vscode_ros2_workspace/src/lab05/install/lab05_pkg/share/ament_index
creating /workspaces/vscode_ros2_workspace/src/lab05/install/lab05_pkg/share/ament_index/resource_index
creating /workspaces/vscode_ros2_workspace/src/lab05/install/lab05_pkg/share/ament_index/resource_index/packages
copying resource/lab05_pkg -> /workspaces/vscode_ros2_workspace/src/lab05/install/lab05_pkg/share/ament_index/resource_index/packages
copying package.xml -> /workspaces/vscode_ros2_workspace/src/lab05/install/lab05_pkg/share/lab05_pkg
creating /workspaces/vscode_ros2_workspace/src/lab05/install/lab05_pkg/share/lab05_pkg/config
copying config/ekf.yaml -> /workspaces/vscode_ros2_workspace/src/lab05/install/lab05_pkg/share/lab05_pkg/config
creating /workspaces/vscode_ros2_workspace/src/lab05/install/lab05_pkg/share/lab05_pkg/launch
copying launch/ekf.launch.py -> /workspaces/vscode_ros2_workspace/src/lab05/install/lab05_pkg/share/lab05_pkg/launch
