[1.202s] Invoking command in '/workspaces/vscode_ros2_workspace/src/lab05/build/lab05_pkg': PYTHONPATH=/workspaces/vscode_ros2_workspace/src/lab05/build/lab05_pkg/prefix_override:/workspaces/vscode_ros2_workspace/src/lab05/install/lab05_pkg/lib/python3.10/site-packages:${PYTHONPATH} /usr/bin/python3 setup.py develop --editable --build-directory /workspaces/vscode_ros2_workspace/src/lab05/build/lab05_pkg/build --no-deps install_data
[1.602s] running develop
[1.603s] /usr/lib/python3/dist-packages/setuptools/command/easy_install.py:158: EasyInstallDeprecationWarning: easy_install command is deprecated. Use build and pip and other standards-based tools.
[1.603s]   warnings.warn(
[1.604s] /usr/lib/python3/dist-packages/setuptools/command/install.py:34: SetuptoolsDeprecationWarning: setup.py install is deprecated. Use build and pip and other standards-based tools.
[1.604s]   warnings.warn(
[1.886s] running egg_info
[1.886s] creating lab05_pkg.egg-info
[1.887s] writing lab05_pkg.egg-info/PKG-INFO
[1.887s] writing dependency_links to lab05_pkg.egg-info/dependency_links.txt
[1.887s] writing entry points to lab05_pkg.egg-info/entry_points.txt
[1.887s] writing requirements to lab05_pkg.egg-info/requires.txt
[1.887s] writing top-level names to lab05_pkg.egg-info/top_level.txt
[1.887s] writing manifest file 'lab05_pkg.egg-info/SOURCES.txt'
[1.889s] reading manifest file 'lab05_pkg.egg-info/SOURCES.txt'
[1.890s] writing manifest file 'lab05_pkg.egg-info/SOURCES.txt'
[1.892s] running build_ext
[1.892s] Creating /workspaces/vscode_ros2_workspace/src/lab05/install/lab05_pkg/lib/python3.10/site-packages/lab05-pkg.egg-link (link to .)
[1.893s] Installing recorder script to /workspaces/vscode_ros2_workspace/src/lab05/install/lab05_pkg/lib/lab05_pkg
[1.893s] 
[1.893s] Installed /workspaces/vscode_ros2_workspace/src/lab05/build/lab05_pkg
[1.893s] running install_data
[1.894s] creating /workspaces/vscode_ros2_workspace/src/lab05/install/lab05_pkg/share/ament_index
[1.894s] creating /workspaces/vscode_ros2_workspace/src/lab05/install/lab05_pkg/share/ament_index/resource_index
[1.894s] creating /workspaces/vscode_ros2_workspace/src/lab05/install/lab05_pkg/share/ament_index/resource_index/packages
[1.894s] copying resource/lab05_pkg -> /workspaces/vscode_ros2_workspace/src/lab05/install/lab05_pkg/share/ament_index/resource_index/packages
[1.894s] copying package.xml -> /workspaces/vscode_ros2_workspace/src/lab05/install/lab05_pkg/share/lab05_pkg
[1.894s] creating /workspaces/vscode_ros2_workspace/src/lab05/install/lab05_pkg/share/lab05_pkg/config
[1.894s] copying config/ekf.yaml -> /workspaces/vscode_ros2_workspace/src/lab05/install/lab05_pkg/share/lab05_pkg/config
[1.894s] creating /workspaces/vscode_ros2_workspace/src/lab05/install/lab05_pkg/share/lab05_pkg/launch
[1.894s] copying launch/ekf.launch.py -> /workspaces/vscode_ros2_workspace/src/lab05/install/lab05_pkg/share/lab05_pkg/launch
[1.928s] Invoked command in '/workspaces/vscode_ros2_workspace/src/lab05/build/lab05_pkg' returned '0': PYTHONPATH=/workspaces/vscode_ros2_workspace/src/lab05/build/lab05_pkg/prefix_override:/workspaces/vscode_ros2_workspace/src/lab05/install/lab05_pkg/lib/python3.10/site-packages:${PYTHONPATH} /usr/bin/python3 setup.py develop --editable --build-directory /workspaces/vscode_ros2_workspace/src/lab05/build/lab05_pkg/build --no-deps install_data
