[1.546s] DEBUG:colcon:Command line arguments: ['/usr/bin/colcon', 'build', '--symlink-install', '--executor', 'sequential']
[1.546s] DEBUG:colcon:Parsed command line arguments: Namespace(log_base=None, log_level=None, verb_name='build', build_base='build', install_base='install', merge_install=False, symlink_install=True, test_result_base=None, continue_on_error=False, executor='sequential', parallel_workers=12, event_handlers=None, ignore_user_meta=False, metas=['./colcon.meta'], base_paths=['.'], packages_ignore=None, packages_ignore_regex=None, paths=None, packages_up_to=None, packages_up_to_regex=None, packages_above=None, packages_above_and_dependencies=None, packages_above_depth=None, packages_select_by_dep=None, packages_skip_by_dep=None, packages_skip_up_to=None, packages_select_build_failed=False, packages_skip_build_finished=False, packages_select_test_failures=False, packages_skip_test_passed=False, packages_select=None, packages_skip=None, packages_select_regex=None, packages_skip_regex=None, packages_start=None, packages_end=None, cmake_args=None, cmake_target=None, cmake_target_skip_unavailable=False, cmake_clean_cache=False, cmake_clean_first=False, cmake_force_configure=False, ament_cmake_args=None, catkin_cmake_args=None, catkin_skip_building_tests=False, verb_parser=<colcon_defaults.argument_parser.defaults.DefaultArgumentsDecorator object at 0x7fdeb1c13af0>, verb_extension=<colcon_core.verb.build.BuildVerb object at 0x7fdeb2dfff40>, main=<bound method BuildVerb.main of <colcon_core.verb.build.BuildVerb object at 0x7fdeb2dfff40>>)
[1.617s] Level 1:colcon.colcon_core.package_discovery:discover_packages(colcon_meta) check parameters
[1.617s] Level 1:colcon.colcon_core.package_discovery:discover_packages(recursive) check parameters
[1.617s] Level 1:colcon.colcon_core.package_discovery:discover_packages(ignore) check parameters
[1.617s] Level 1:colcon.colcon_core.package_discovery:discover_packages(path) check parameters
[1.617s] Level 1:colcon.colcon_core.package_discovery:discover_packages(colcon_meta) discover
[1.617s] Level 1:colcon.colcon_core.package_discovery:discover_packages(recursive) discover
[1.618s] INFO:colcon.colcon_core.package_discovery:Crawling recursively for packages in '/workspaces/vscode_ros2_workspace/src/lab05'
[1.618s] Level 1:colcon.colcon_core.package_identification:_identify(.) by extensions ['ignore', 'ignore_ament_install']
[1.618s] Level 1:colcon.colcon_core.package_identification:_identify(.) by extension 'ignore'
[1.618s] Level 1:colcon.colcon_core.package_identification:_identify(.) by extension 'ignore_ament_install'
[1.618s] Level 1:colcon.colcon_core.package_identification:_identify(.) by extensions ['colcon_pkg']
[1.618s] Level 1:colcon.colcon_core.package_identification:_identify(.) by extension 'colcon_pkg'
[1.618s] Level 1:colcon.colcon_core.package_identification:_identify(.) by extensions ['colcon_meta']
[1.618s] Level 1:colcon.colcon_core.package_identification:_identify(.) by extension 'colcon_meta'
[1.618s] Level 1:colcon.colcon_core.package_identification:_identify(.) by extensions ['ros']
[1.618s] Level 1:colcon.colcon_core.package_identification:_identify(.) by extension 'ros'
[1.633s] Level 1:colcon.colcon_core.package_identification:_identify(.) by extensions ['cmake', 'python']
[1.633s] Level 1:colcon.colcon_core.package_identification:_identify(.) by extension 'cmake'
[1.633s] Level 1:colcon.colcon_core.package_identification:_identify(.) by extension 'python'
[1.633s] Level 1:colcon.colcon_core.package_identification:_identify(.) by extensions ['python_setup_py']
[1.633s] Level 1:colcon.colcon_core.package_identification:_identify(.) by extension 'python_setup_py'
[1.633s] Level 1:colcon.colcon_core.package_identification:_identify(build) by extensions ['ignore', 'ignore_ament_install']
[1.633s] Level 1:colcon.colcon_core.package_identification:_identify(build) by extension 'ignore'
[1.634s] Level 1:colcon.colcon_core.package_identification:_identify(build) ignored
[1.634s] Level 1:colcon.colcon_core.package_identification:_identify(install) by extensions ['ignore', 'ignore_ament_install']
[1.634s] Level 1:colcon.colcon_core.package_identification:_identify(install) by extension 'ignore'
[1.634s] Level 1:colcon.colcon_core.package_identification:_identify(install) ignored
[1.634s] Level 1:colcon.colcon_core.package_identification:_identify(lab05_pkg) by extensions ['ignore', 'ignore_ament_install']
[1.634s] Level 1:colcon.colcon_core.package_identification:_identify(lab05_pkg) by extension 'ignore'
[1.634s] Level 1:colcon.colcon_core.package_identification:_identify(lab05_pkg) by extension 'ignore_ament_install'
[1.634s] Level 1:colcon.colcon_core.package_identification:_identify(lab05_pkg) by extensions ['colcon_pkg']
[1.634s] Level 1:colcon.colcon_core.package_identification:_identify(lab05_pkg) by extension 'colcon_pkg'
[1.634s] Level 1:colcon.colcon_core.package_identification:_identify(lab05_pkg) by extensions ['colcon_meta']
[1.634s] Level 1:colcon.colcon_core.package_identification:_identify(lab05_pkg) by extension 'colcon_meta'
[1.634s] Level 1:colcon.colcon_core.package_identification:_identify(lab05_pkg) by extensions ['ros']
[1.634s] Level 1:colcon.colcon_core.package_identification:_identify(lab05_pkg) by extension 'ros'
[1.637s] DEBUG:colcon.colcon_core.package_identification:Package 'lab05_pkg' with type 'ros.ament_python' and name 'lab05_pkg'
[1.638s] Level 1:colcon.colcon_core.package_identification:_identify(log) by extensions ['ignore', 'ignore_ament_install']
[1.638s] Level 1:colcon.colcon_core.package_identification:_identify(log) by extension 'ignore'
[1.638s] Level 1:colcon.colcon_core.package_identification:_identify(log) ignored
[1.638s] Level 1:colcon.colcon_core.package_identification:_identify(rosbags) by extensions ['ignore', 'ignore_ament_install']
[1.638s] Level 1:colcon.colcon_core.package_identification:_identify(rosbags) by extension 'ignore'
[1.638s] Level 1:colcon.colcon_core.package_identification:_identify(rosbags) ignored
[1.638s] Level 1:colcon.colcon_core.package_discovery:discover_packages(recursive) using defaults
[1.638s] Level 1:colcon.colcon_core.package_discovery:discover_packages(ignore) discover
[1.638s] Level 1:colcon.colcon_core.package_discovery:discover_packages(ignore) using defaults
[1.638s] Level 1:colcon.colcon_core.package_discovery:discover_packages(path) discover
[1.638s] Level 1:colcon.colcon_core.package_discovery:discover_packages(path) using defaults
[1.757s] Level 5:colcon.colcon_core.verb:set package 'lab05_pkg' build argument 'cmake_args' from command line to 'None'
[1.758s] Level 5:colcon.colcon_core.verb:set package 'lab05_pkg' build argument 'cmake_target' from command line to 'None'
[1.758s] Level 5:colcon.colcon_core.verb:set package 'lab05_pkg' build argument 'cmake_target_skip_unavailable' from command line to 'False'
[1.758s] Level 5:colcon.colcon_core.verb:set package 'lab05_pkg' build argument 'cmake_clean_cache' from command line to 'False'
[1.758s] Level 5:colcon.colcon_core.verb:set package 'lab05_pkg' build argument 'cmake_clean_first' from command line to 'False'
[1.758s] Level 5:colcon.colcon_core.verb:set package 'lab05_pkg' build argument 'cmake_force_configure' from command line to 'False'
[1.758s] Level 5:colcon.colcon_core.verb:set package 'lab05_pkg' build argument 'ament_cmake_args' from command line to 'None'
[1.758s] Level 5:colcon.colcon_core.verb:set package 'lab05_pkg' build argument 'catkin_cmake_args' from command line to 'None'
[1.758s] Level 5:colcon.colcon_core.verb:set package 'lab05_pkg' build argument 'catkin_skip_building_tests' from command line to 'False'
[1.758s] DEBUG:colcon.colcon_core.verb:Building package 'lab05_pkg' with the following arguments: {'ament_cmake_args': None, 'build_base': '/workspaces/vscode_ros2_workspace/src/lab05/build/lab05_pkg', 'catkin_cmake_args': None, 'catkin_skip_building_tests': False, 'cmake_args': None, 'cmake_clean_cache': False, 'cmake_clean_first': False, 'cmake_force_configure': False, 'cmake_target': None, 'cmake_target_skip_unavailable': False, 'install_base': '/workspaces/vscode_ros2_workspace/src/lab05/install/lab05_pkg', 'merge_install': False, 'path': '/workspaces/vscode_ros2_workspace/src/lab05/lab05_pkg', 'symlink_install': True, 'test_result_base': None}
[1.781s] INFO:colcon.colcon_core.executor:Executing jobs using 'sequential' executor
[1.805s] DEBUG:colcon.colcon_core.executor.sequential:run_until_complete 'lab05_pkg'
[1.805s] INFO:colcon.colcon_ros.task.ament_python.build:Building ROS package in '/workspaces/vscode_ros2_workspace/src/lab05/lab05_pkg' with build type 'ament_python'
[1.805s] Level 1:colcon.colcon_core.shell:create_environment_hook('lab05_pkg', 'ament_prefix_path')
[1.833s] INFO:colcon.colcon_core.plugin_system:Skipping extension 'colcon_core.shell.bat': Not used on non-Windows systems
[1.833s] INFO:colcon.colcon_core.shell:Creating environment hook '/workspaces/vscode_ros2_workspace/src/lab05/install/lab05_pkg/share/lab05_pkg/hook/ament_prefix_path.ps1'
[1.834s] INFO:colcon.colcon_core.shell:Creating environment descriptor '/workspaces/vscode_ros2_workspace/src/lab05/install/lab05_pkg/share/lab05_pkg/hook/ament_prefix_path.dsv'
[1.834s] INFO:colcon.colcon_core.shell:Creating environment hook '/workspaces/vscode_ros2_workspace/src/lab05/install/lab05_pkg/share/lab05_pkg/hook/ament_prefix_path.sh'
[1.859s] INFO:colcon.colcon_core.shell:Skip shell extension 'powershell' for command environment: Not usable outside of PowerShell
[1.859s] DEBUG:colcon.colcon_core.shell:Skip shell extension 'dsv' for command environment
[2.335s] INFO:colcon.colcon_core.task.python.build:Building Python package in '/workspaces/vscode_ros2_workspace/src/lab05/lab05_pkg'
[2.359s] INFO:colcon.colcon_core.shell:Skip shell extension 'powershell' for command environment: Not usable outside of PowerShell
[2.359s] DEBUG:colcon.colcon_core.shell:Skip shell extension 'dsv' for command environment
[3.007s] DEBUG:colcon.colcon_core.event_handler.log_command:Invoking command in '/workspaces/vscode_ros2_workspace/src/lab05/build/lab05_pkg': PYTHONPATH=/workspaces/vscode_ros2_workspace/src/lab05/build/lab05_pkg/prefix_override:/workspaces/vscode_ros2_workspace/src/lab05/install/lab05_pkg/lib/python3.10/site-packages:${PYTHONPATH} /usr/bin/python3 setup.py develop --editable --build-directory /workspaces/vscode_ros2_workspace/src/lab05/build/lab05_pkg/build --no-deps install_data
[3.732s] Level 1:colcon.colcon_core.shell:create_environment_hook('lab05_pkg', 'pythonpath_develop')
[3.734s] DEBUG:colcon.colcon_core.event_handler.log_command:Invoked command in '/workspaces/vscode_ros2_workspace/src/lab05/build/lab05_pkg' returned '0': PYTHONPATH=/workspaces/vscode_ros2_workspace/src/lab05/build/lab05_pkg/prefix_override:/workspaces/vscode_ros2_workspace/src/lab05/install/lab05_pkg/lib/python3.10/site-packages:${PYTHONPATH} /usr/bin/python3 setup.py develop --editable --build-directory /workspaces/vscode_ros2_workspace/src/lab05/build/lab05_pkg/build --no-deps install_data
[3.757s] INFO:colcon.colcon_core.shell:Creating environment hook '/workspaces/vscode_ros2_workspace/src/lab05/build/lab05_pkg/share/lab05_pkg/hook/pythonpath_develop.ps1'
[3.758s] INFO:colcon.colcon_core.shell:Creating environment descriptor '/workspaces/vscode_ros2_workspace/src/lab05/build/lab05_pkg/share/lab05_pkg/hook/pythonpath_develop.dsv'
[3.758s] INFO:colcon.colcon_core.shell:Creating environment hook '/workspaces/vscode_ros2_workspace/src/lab05/build/lab05_pkg/share/lab05_pkg/hook/pythonpath_develop.sh'
[3.786s] Level 1:colcon.colcon_core.environment:checking '/workspaces/vscode_ros2_workspace/src/lab05/install/lab05_pkg' for CMake module files
[3.786s] Level 1:colcon.colcon_core.environment:checking '/workspaces/vscode_ros2_workspace/src/lab05/install/lab05_pkg' for CMake config files
[3.787s] Level 1:colcon.colcon_core.environment:checking '/workspaces/vscode_ros2_workspace/src/lab05/install/lab05_pkg/lib'
[3.787s] Level 1:colcon.colcon_core.environment:checking '/workspaces/vscode_ros2_workspace/src/lab05/install/lab05_pkg/bin'
[3.787s] Level 1:colcon.colcon_core.environment:checking '/workspaces/vscode_ros2_workspace/src/lab05/install/lab05_pkg/lib/pkgconfig/lab05_pkg.pc'
[3.787s] Level 1:colcon.colcon_core.environment:checking '/workspaces/vscode_ros2_workspace/src/lab05/install/lab05_pkg/lib/python3.10/site-packages'
[3.787s] Level 1:colcon.colcon_core.shell:create_environment_hook('lab05_pkg', 'pythonpath')
[3.810s] INFO:colcon.colcon_core.shell:Creating environment hook '/workspaces/vscode_ros2_workspace/src/lab05/install/lab05_pkg/share/lab05_pkg/hook/pythonpath.ps1'
[3.811s] INFO:colcon.colcon_core.shell:Creating environment descriptor '/workspaces/vscode_ros2_workspace/src/lab05/install/lab05_pkg/share/lab05_pkg/hook/pythonpath.dsv'
[3.811s] INFO:colcon.colcon_core.shell:Creating environment hook '/workspaces/vscode_ros2_workspace/src/lab05/install/lab05_pkg/share/lab05_pkg/hook/pythonpath.sh'
[3.812s] Level 1:colcon.colcon_core.environment:checking '/workspaces/vscode_ros2_workspace/src/lab05/install/lab05_pkg/bin'
[3.812s] Level 1:colcon.colcon_core.environment:create_environment_scripts_only(lab05_pkg)
[3.837s] INFO:colcon.colcon_core.shell:Creating package script '/workspaces/vscode_ros2_workspace/src/lab05/install/lab05_pkg/share/lab05_pkg/package.ps1'
[3.839s] INFO:colcon.colcon_core.shell:Creating package descriptor '/workspaces/vscode_ros2_workspace/src/lab05/install/lab05_pkg/share/lab05_pkg/package.dsv'
[3.840s] INFO:colcon.colcon_core.shell:Creating package script '/workspaces/vscode_ros2_workspace/src/lab05/install/lab05_pkg/share/lab05_pkg/package.sh'
[3.841s] INFO:colcon.colcon_core.shell:Creating package script '/workspaces/vscode_ros2_workspace/src/lab05/install/lab05_pkg/share/lab05_pkg/package.bash'
[3.842s] INFO:colcon.colcon_core.shell:Creating package script '/workspaces/vscode_ros2_workspace/src/lab05/install/lab05_pkg/share/lab05_pkg/package.zsh'
[3.843s] Level 1:colcon.colcon_core.environment:create_file_with_runtime_dependencies(/workspaces/vscode_ros2_workspace/src/lab05/install/lab05_pkg/share/colcon-core/packages/lab05_pkg)
[3.843s] DEBUG:colcon.colcon_core.executor.sequential:run_until_complete 'lab05_pkg' finished with '0'
[3.843s] DEBUG:colcon.colcon_core.executor.sequential:closing loop
[3.843s] DEBUG:colcon.colcon_core.executor.sequential:loop closed
[3.844s] DEBUG:colcon.colcon_core.event_reactor:joining thread
[3.876s] INFO:colcon.colcon_core.plugin_system:Skipping extension 'colcon_notification.desktop_notification.notify_send': Could not find 'notify-send'
[3.876s] INFO:colcon.colcon_core.plugin_system:Skipping extension 'colcon_notification.desktop_notification.terminal_notifier': Not used on non-Darwin systems
[3.876s] INFO:colcon.colcon_core.plugin_system:Skipping extension 'colcon_notification.desktop_notification.win32': Not used on non-Windows systems
[3.876s] INFO:colcon.colcon_notification.desktop_notification:Sending desktop notification using 'notify2'
[3.880s] DEBUG:colcon.colcon_notification.desktop_notification.notify2:Failed to initialize notify2: org.freedesktop.DBus.Error.Spawn.ExecFailed: /usr/bin/dbus-launch terminated abnormally without any error message
[3.880s] DEBUG:colcon.colcon_core.event_reactor:joined thread
[3.909s] INFO:colcon.colcon_core.shell:Creating prefix script '/workspaces/vscode_ros2_workspace/src/lab05/install/local_setup.ps1'
[3.910s] INFO:colcon.colcon_core.shell:Creating prefix util module '/workspaces/vscode_ros2_workspace/src/lab05/install/_local_setup_util_ps1.py'
[3.912s] INFO:colcon.colcon_core.shell:Creating prefix chain script '/workspaces/vscode_ros2_workspace/src/lab05/install/setup.ps1'
[3.937s] INFO:colcon.colcon_core.shell:Creating prefix script '/workspaces/vscode_ros2_workspace/src/lab05/install/local_setup.sh'
[3.938s] INFO:colcon.colcon_core.shell:Creating prefix util module '/workspaces/vscode_ros2_workspace/src/lab05/install/_local_setup_util_sh.py'
[3.938s] INFO:colcon.colcon_core.shell:Creating prefix chain script '/workspaces/vscode_ros2_workspace/src/lab05/install/setup.sh'
[3.964s] INFO:colcon.colcon_core.shell:Creating prefix script '/workspaces/vscode_ros2_workspace/src/lab05/install/local_setup.bash'
[3.965s] INFO:colcon.colcon_core.shell:Creating prefix chain script '/workspaces/vscode_ros2_workspace/src/lab05/install/setup.bash'
[3.992s] INFO:colcon.colcon_core.shell:Creating prefix script '/workspaces/vscode_ros2_workspace/src/lab05/install/local_setup.zsh'
[3.992s] INFO:colcon.colcon_core.shell:Creating prefix chain script '/workspaces/vscode_ros2_workspace/src/lab05/install/setup.zsh'
